<?xml version="1.0" encoding="UTF-8"?>
<coverage generated="1530584833917" clover="3.2.0">
  <project timestamp="1530584833917" name="All files">
    <metrics statements="208" coveredstatements="199" conditionals="92" coveredconditionals="81" methods="44" coveredmethods="39" elements="344" coveredelements="319" complexity="0" loc="208" ncloc="208" packages="11" files="17" classes="17">
      <package name="Badge">
        <metrics statements="13" coveredstatements="13" conditionals="10" coveredconditionals="10" methods="3" coveredmethods="3"/>
        <file name="index.jsx" path="/Users/briancleveland/work/yorthehunter/weave-react/src/components/Badge/index.jsx">
          <metrics statements="13" coveredstatements="13" conditionals="10" coveredconditionals="10" methods="3" coveredmethods="3"/>
          <line num="8" count="1" type="stmt"/>
          <line num="16" count="1" type="stmt"/>
          <line num="21" count="2" type="stmt"/>
          <line num="23" count="2" type="stmt"/>
          <line num="28" count="2" type="stmt"/>
          <line num="35" count="1" type="stmt"/>
          <line num="42" count="1" type="stmt"/>
          <line num="51" count="2" type="cond" truecount="4" falsecount="0"/>
          <line num="52" count="1" type="stmt"/>
          <line num="57" count="2" type="cond" truecount="4" falsecount="0"/>
          <line num="58" count="1" type="stmt"/>
          <line num="63" count="1" type="stmt"/>
          <line num="64" count="1" type="stmt"/>
        </file>
      </package>
      <package name="Banner">
        <metrics statements="15" coveredstatements="15" conditionals="14" coveredconditionals="11" methods="3" coveredmethods="3"/>
        <file name="index.jsx" path="/Users/briancleveland/work/yorthehunter/weave-react/src/components/Banner/index.jsx">
          <metrics statements="15" coveredstatements="15" conditionals="14" coveredconditionals="11" methods="3" coveredmethods="3"/>
          <line num="8" count="1" type="stmt"/>
          <line num="17" count="5" type="stmt"/>
          <line num="19" count="5" type="stmt"/>
          <line num="23" count="5" type="stmt"/>
          <line num="27" count="1" type="stmt"/>
          <line num="28" count="1" type="stmt"/>
          <line num="41" count="11" type="stmt"/>
          <line num="43" count="11" type="stmt"/>
          <line num="51" count="11" type="cond" truecount="2" falsecount="0"/>
          <line num="52" count="9" type="stmt"/>
          <line num="80" count="2" type="stmt"/>
          <line num="84" count="1" type="stmt"/>
          <line num="97" count="1" type="stmt"/>
          <line num="124" count="1" type="stmt"/>
          <line num="125" count="1" type="stmt"/>
        </file>
      </package>
      <package name="Button">
        <metrics statements="9" coveredstatements="9" conditionals="16" coveredconditionals="15" methods="1" coveredmethods="1"/>
        <file name="index.jsx" path="/Users/briancleveland/work/yorthehunter/weave-react/src/components/Button/index.jsx">
          <metrics statements="9" coveredstatements="9" conditionals="16" coveredconditionals="15" methods="1" coveredmethods="1"/>
          <line num="6" count="1" type="stmt"/>
          <line num="13" count="1" type="stmt"/>
          <line num="23" count="15" type="stmt"/>
          <line num="25" count="15" type="stmt"/>
          <line num="33" count="15" type="stmt"/>
          <line num="47" count="1" type="stmt"/>
          <line num="76" count="1" type="stmt"/>
          <line num="87" count="1" type="stmt"/>
          <line num="88" count="1" type="stmt"/>
        </file>
      </package>
      <package name="Card">
        <metrics statements="9" coveredstatements="9" conditionals="2" coveredconditionals="2" methods="1" coveredmethods="1"/>
        <file name="index.jsx" path="/Users/briancleveland/work/yorthehunter/weave-react/src/components/Card/index.jsx">
          <metrics statements="9" coveredstatements="9" conditionals="2" coveredconditionals="2" methods="1" coveredmethods="1"/>
          <line num="7" count="1" type="stmt"/>
          <line num="13" count="1" type="stmt"/>
          <line num="18" count="2" type="stmt"/>
          <line num="20" count="2" type="stmt"/>
          <line num="26" count="2" type="stmt"/>
          <line num="33" count="1" type="stmt"/>
          <line num="40" count="1" type="stmt"/>
          <line num="47" count="1" type="stmt"/>
          <line num="48" count="1" type="stmt"/>
        </file>
      </package>
      <package name="Collection">
        <metrics statements="22" coveredstatements="22" conditionals="6" coveredconditionals="5" methods="3" coveredmethods="3"/>
        <file name="CollectionItem.jsx" path="/Users/briancleveland/work/yorthehunter/weave-react/src/components/Collection/CollectionItem.jsx">
          <metrics statements="9" coveredstatements="9" conditionals="2" coveredconditionals="2" methods="1" coveredmethods="1"/>
          <line num="6" count="1" type="stmt"/>
          <line num="14" count="1" type="stmt"/>
          <line num="20" count="3" type="stmt"/>
          <line num="22" count="3" type="stmt"/>
          <line num="28" count="3" type="stmt"/>
          <line num="35" count="1" type="stmt"/>
          <line num="42" count="1" type="stmt"/>
          <line num="50" count="1" type="stmt"/>
          <line num="51" count="1" type="stmt"/>
        </file>
        <file name="index.jsx" path="/Users/briancleveland/work/yorthehunter/weave-react/src/components/Collection/index.jsx">
          <metrics statements="13" coveredstatements="13" conditionals="4" coveredconditionals="3" methods="2" coveredmethods="2"/>
          <line num="8" count="1" type="stmt"/>
          <line num="15" count="1" type="stmt"/>
          <line num="21" count="1" type="stmt"/>
          <line num="23" count="1" type="stmt"/>
          <line num="30" count="1" type="stmt"/>
          <line num="31" count="4" type="cond" truecount="2" falsecount="0"/>
          <line num="33" count="3" type="stmt"/>
          <line num="36" count="1" type="stmt"/>
          <line num="39" count="1" type="stmt"/>
          <line num="46" count="1" type="stmt"/>
          <line num="53" count="1" type="stmt"/>
          <line num="61" count="1" type="stmt"/>
          <line num="62" count="1" type="stmt"/>
        </file>
      </package>
      <package name="Dropdown">
        <metrics statements="50" coveredstatements="44" conditionals="20" coveredconditionals="17" methods="12" coveredmethods="9"/>
        <file name="DropdownActivator.jsx" path="/Users/briancleveland/work/yorthehunter/weave-react/src/components/Dropdown/DropdownActivator.jsx">
          <metrics statements="9" coveredstatements="9" conditionals="0" coveredconditionals="0" methods="1" coveredmethods="1"/>
          <line num="5" count="1" type="stmt"/>
          <line num="7" count="1" type="stmt"/>
          <line num="9" count="5" type="stmt"/>
          <line num="11" count="5" type="stmt"/>
          <line num="23" count="1" type="stmt"/>
          <line num="28" count="1" type="stmt"/>
          <line num="34" count="1" type="stmt"/>
          <line num="35" count="1" type="stmt"/>
          <line num="36" count="1" type="stmt"/>
        </file>
        <file name="DropdownMenu.jsx" path="/Users/briancleveland/work/yorthehunter/weave-react/src/components/Dropdown/DropdownMenu.jsx">
          <metrics statements="14" coveredstatements="12" conditionals="6" coveredconditionals="5" methods="3" coveredmethods="1"/>
          <line num="5" count="1" type="stmt"/>
          <line num="7" count="1" type="stmt"/>
          <line num="8" count="0" type="stmt"/>
          <line num="11" count="1" type="stmt"/>
          <line num="17" count="5" type="stmt"/>
          <line num="20" count="5" type="stmt"/>
          <line num="22" count="5" type="cond" truecount="2" falsecount="0"/>
          <line num="32" count="0" type="stmt"/>
          <line num="43" count="1" type="stmt"/>
          <line num="50" count="1" type="stmt"/>
          <line num="58" count="1" type="stmt"/>
          <line num="59" count="1" type="stmt"/>
          <line num="60" count="1" type="stmt"/>
          <line num="61" count="1" type="stmt"/>
        </file>
        <file name="index.jsx" path="/Users/briancleveland/work/yorthehunter/weave-react/src/components/Dropdown/index.jsx">
          <metrics statements="27" coveredstatements="23" conditionals="14" coveredconditionals="12" methods="8" coveredmethods="7"/>
          <line num="6" count="1" type="stmt"/>
          <line num="10" count="4" type="stmt"/>
          <line num="11" count="4" type="stmt"/>
          <line num="12" count="4" type="stmt"/>
          <line num="16" count="4" type="stmt"/>
          <line num="20" count="2" type="stmt"/>
          <line num="22" count="2" type="cond" truecount="2" falsecount="0"/>
          <line num="23" count="1" type="stmt"/>
          <line num="25" count="1" type="stmt"/>
          <line num="28" count="2" type="stmt"/>
          <line num="35" count="0" type="cond" truecount="0" falsecount="2"/>
          <line num="36" count="0" type="stmt"/>
          <line num="39" count="0" type="stmt"/>
          <line num="43" count="0" type="stmt"/>
          <line num="47" count="7" type="stmt"/>
          <line num="48" count="11" type="cond" truecount="4" falsecount="0"/>
          <line num="50" count="5" type="stmt"/>
          <line num="58" count="6" type="cond" truecount="4" falsecount="0"/>
          <line num="61" count="5" type="stmt"/>
          <line num="64" count="1" type="stmt"/>
          <line num="69" count="7" type="stmt"/>
          <line num="71" count="7" type="stmt"/>
          <line num="74" count="8" type="stmt"/>
          <line num="84" count="1" type="stmt"/>
          <line num="90" count="1" type="stmt"/>
          <line num="96" count="1" type="stmt"/>
          <line num="97" count="1" type="stmt"/>
        </file>
      </package>
      <package name="Icon">
        <metrics statements="11" coveredstatements="11" conditionals="4" coveredconditionals="2" methods="1" coveredmethods="1"/>
        <file name="index.jsx" path="/Users/briancleveland/work/yorthehunter/weave-react/src/components/Icon/index.jsx">
          <metrics statements="9" coveredstatements="9" conditionals="4" coveredconditionals="2" methods="1" coveredmethods="1"/>
          <line num="5" count="1" type="stmt"/>
          <line num="11" count="9" type="stmt"/>
          <line num="13" count="9" type="cond" truecount="1" falsecount="1"/>
          <line num="15" count="9" type="stmt"/>
          <line num="33" count="1" type="stmt"/>
          <line num="39" count="1" type="stmt"/>
          <line num="41" count="1" type="stmt"/>
          <line num="50" count="1" type="stmt"/>
          <line num="51" count="1" type="stmt"/>
        </file>
        <file name="paths.js" path="/Users/briancleveland/work/yorthehunter/weave-react/src/components/Icon/paths.js">
          <metrics statements="2" coveredstatements="2" conditionals="0" coveredconditionals="0" methods="0" coveredmethods="0"/>
          <line num="1" count="1" type="stmt"/>
          <line num="3" count="1" type="stmt"/>
        </file>
      </package>
      <package name="ProgressBar">
        <metrics statements="9" coveredstatements="9" conditionals="4" coveredconditionals="4" methods="1" coveredmethods="1"/>
        <file name="index.jsx" path="/Users/briancleveland/work/yorthehunter/weave-react/src/components/ProgressBar/index.jsx">
          <metrics statements="9" coveredstatements="9" conditionals="4" coveredconditionals="4" methods="1" coveredmethods="1"/>
          <line num="7" count="1" type="stmt"/>
          <line num="16" count="1" type="stmt"/>
          <line num="19" count="2" type="stmt"/>
          <line num="21" count="2" type="stmt"/>
          <line num="25" count="2" type="stmt"/>
          <line num="35" count="1" type="stmt"/>
          <line num="40" count="1" type="stmt"/>
          <line num="45" count="1" type="stmt"/>
          <line num="46" count="1" type="stmt"/>
        </file>
      </package>
      <package name="Table">
        <metrics statements="32" coveredstatements="30" conditionals="10" coveredconditionals="9" methods="10" coveredmethods="9"/>
        <file name="index.jsx" path="/Users/briancleveland/work/yorthehunter/weave-react/src/components/Table/index.jsx">
          <metrics statements="32" coveredstatements="30" conditionals="10" coveredconditionals="9" methods="10" coveredmethods="9"/>
          <line num="8" count="1" type="stmt"/>
          <line num="10" count="1" type="stmt"/>
          <line num="11" count="14" type="cond" truecount="2" falsecount="0"/>
          <line num="13" count="14" type="stmt"/>
          <line num="16" count="8" type="stmt"/>
          <line num="26" count="1" type="stmt"/>
          <line num="27" count="2" type="stmt"/>
          <line num="28" count="8" type="stmt"/>
          <line num="34" count="1" type="stmt"/>
          <line num="35" count="2" type="stmt"/>
          <line num="47" count="1" type="stmt"/>
          <line num="48" count="1" type="stmt"/>
          <line num="51" count="4" type="stmt"/>
          <line num="65" count="1" type="stmt"/>
          <line num="70" count="3" type="stmt"/>
          <line num="72" count="3" type="stmt"/>
          <line num="73" count="3" type="cond" truecount="1" falsecount="1"/>
          <line num="74" count="0" type="stmt"/>
          <line num="75" count="0" type="stmt"/>
          <line num="76" count="3" type="cond" truecount="2" falsecount="0"/>
          <line num="77" count="1" type="stmt"/>
          <line num="79" count="2" type="stmt"/>
          <line num="83" count="3" type="stmt"/>
          <line num="88" count="3" type="stmt"/>
          <line num="104" count="1" type="stmt"/>
          <line num="109" count="1" type="stmt"/>
          <line num="114" count="1" type="stmt"/>
          <line num="117" count="1" type="stmt"/>
          <line num="121" count="1" type="stmt"/>
          <line num="122" count="1" type="stmt"/>
          <line num="123" count="1" type="stmt"/>
          <line num="124" count="1" type="stmt"/>
        </file>
      </package>
      <package name="Tooltip">
        <metrics statements="9" coveredstatements="9" conditionals="2" coveredconditionals="2" methods="1" coveredmethods="1"/>
        <file name="index.jsx" path="/Users/briancleveland/work/yorthehunter/weave-react/src/components/Tooltip/index.jsx">
          <metrics statements="9" coveredstatements="9" conditionals="2" coveredconditionals="2" methods="1" coveredmethods="1"/>
          <line num="8" count="1" type="stmt"/>
          <line num="16" count="1" type="stmt"/>
          <line num="21" count="4" type="stmt"/>
          <line num="23" count="4" type="stmt"/>
          <line num="29" count="4" type="stmt"/>
          <line num="39" count="1" type="stmt"/>
          <line num="46" count="1" type="stmt"/>
          <line num="53" count="1" type="stmt"/>
          <line num="54" count="1" type="stmt"/>
        </file>
      </package>
      <package name="utilities">
        <metrics statements="29" coveredstatements="28" conditionals="4" coveredconditionals="4" methods="8" coveredmethods="7"/>
        <file name="CustomTag.jsx" path="/Users/briancleveland/work/yorthehunter/weave-react/src/components/utilities/CustomTag.jsx">
          <metrics statements="9" coveredstatements="9" conditionals="0" coveredconditionals="0" methods="1" coveredmethods="1"/>
          <line num="5" count="8" type="stmt"/>
          <line num="13" count="48" type="stmt"/>
          <line num="15" count="48" type="stmt"/>
          <line num="17" count="48" type="stmt"/>
          <line num="22" count="48" type="stmt"/>
          <line num="37" count="8" type="stmt"/>
          <line num="57" count="8" type="stmt"/>
          <line num="70" count="8" type="stmt"/>
          <line num="71" count="8" type="stmt"/>
        </file>
        <file name="constants.js" path="/Users/briancleveland/work/yorthehunter/weave-react/src/components/utilities/constants.js">
          <metrics statements="5" coveredstatements="5" conditionals="0" coveredconditionals="0" methods="0" coveredmethods="0"/>
          <line num="1" count="6" type="stmt"/>
          <line num="8" count="6" type="stmt"/>
          <line num="17" count="6" type="stmt"/>
          <line num="28" count="6" type="stmt"/>
          <line num="42" count="6" type="stmt"/>
        </file>
        <file name="util.js" path="/Users/briancleveland/work/yorthehunter/weave-react/src/components/utilities/util.js">
          <metrics statements="15" coveredstatements="14" conditionals="4" coveredconditionals="4" methods="7" coveredmethods="6"/>
          <line num="3" count="6" type="stmt"/>
          <line num="4" count="45" type="cond" truecount="2" falsecount="0"/>
          <line num="5" count="16" type="stmt"/>
          <line num="7" count="29" type="cond" truecount="2" falsecount="0"/>
          <line num="11" count="6" type="stmt"/>
          <line num="12" count="2" type="stmt"/>
          <line num="15" count="6" type="stmt"/>
          <line num="16" count="0" type="stmt"/>
          <line num="19" count="6" type="stmt"/>
          <line num="20" count="19" type="stmt"/>
          <line num="23" count="6" type="stmt"/>
          <line num="24" count="8" type="stmt"/>
          <line num="27" count="6" type="stmt"/>
          <line num="28" count="13" type="stmt"/>
          <line num="31" count="6" type="stmt"/>
        </file>
      </package>
    </metrics>
  </project>
</coverage>
