{"/Users/briancleveland/work/yorthehunter/weave-react/src/components/Badge/index.jsx": {"path":"/Users/briancleveland/work/yorthehunter/weave-react/src/components/Badge/index.jsx","statementMap":{"0":{"start":{"line":8,"column":24},"end":{"line":8,"column":37}},"1":{"start":{"line":16,"column":21},"end":{"line":33,"column":1}},"2":{"start":{"line":21,"column":6},"end":{"line":21,"column":11}},"3":{"start":{"line":23,"column":27},"end":{"line":26,"column":3}},"4":{"start":{"line":28,"column":2},"end":{"line":32,"column":4}},"5":{"start":{"line":35,"column":21},"end":{"line":40,"column":1}},"6":{"start":{"line":42,"column":18},"end":{"line":61,"column":1}},"7":{"start":{"line":51,"column":4},"end":{"line":53,"column":5}},"8":{"start":{"line":52,"column":6},"end":{"line":52,"column":71}},"9":{"start":{"line":57,"column":4},"end":{"line":59,"column":5}},"10":{"start":{"line":58,"column":6},"end":{"line":58,"column":71}},"11":{"start":{"line":63,"column":0},"end":{"line":63,"column":34}},"12":{"start":{"line":64,"column":0},"end":{"line":64,"column":28}}},"fnMap":{"0":{"name":"(anonymous_0)","decl":{"start":{"line":16,"column":21},"end":{"line":16,"column":22}},"loc":{"start":{"line":16,"column":32},"end":{"line":33,"column":1}},"line":16},"1":{"name":"(anonymous_1)","decl":{"start":{"line":50,"column":11},"end":{"line":50,"column":12}},"loc":{"start":{"line":50,"column":22},"end":{"line":54,"column":3}},"line":50},"2":{"name":"(anonymous_2)","decl":{"start":{"line":56,"column":12},"end":{"line":56,"column":13}},"loc":{"start":{"line":56,"column":23},"end":{"line":60,"column":3}},"line":56}},"branchMap":{"0":{"loc":{"start":{"line":30,"column":7},"end":{"line":30,"column":26}},"type":"binary-expr","locations":[{"start":{"line":30,"column":7},"end":{"line":30,"column":14}},{"start":{"line":30,"column":18},"end":{"line":30,"column":26}}],"line":30},"1":{"loc":{"start":{"line":51,"column":4},"end":{"line":53,"column":5}},"type":"if","locations":[{"start":{"line":51,"column":4},"end":{"line":53,"column":5}},{"start":{"line":51,"column":4},"end":{"line":53,"column":5}}],"line":51},"2":{"loc":{"start":{"line":51,"column":8},"end":{"line":51,"column":39}},"type":"binary-expr","locations":[{"start":{"line":51,"column":8},"end":{"line":51,"column":21}},{"start":{"line":51,"column":25},"end":{"line":51,"column":39}}],"line":51},"3":{"loc":{"start":{"line":57,"column":4},"end":{"line":59,"column":5}},"type":"if","locations":[{"start":{"line":57,"column":4},"end":{"line":59,"column":5}},{"start":{"line":57,"column":4},"end":{"line":59,"column":5}}],"line":57},"4":{"loc":{"start":{"line":57,"column":8},"end":{"line":57,"column":39}},"type":"binary-expr","locations":[{"start":{"line":57,"column":8},"end":{"line":57,"column":21}},{"start":{"line":57,"column":25},"end":{"line":57,"column":39}}],"line":57}},"s":{"0":1,"1":1,"2":2,"3":2,"4":2,"5":1,"6":1,"7":2,"8":1,"9":2,"10":1,"11":1,"12":1},"f":{"0":2,"1":2,"2":2},"b":{"0":[2,1],"1":[1,1],"2":[2,1],"3":[1,1],"4":[2,1]},"_coverageSchema":"332fd63041d2c1bcb487cc26dd0d5f7d97098a6c","hash":"c975667a6ade3d2ae70915a56f999c8fd2398fa5"}
,"/Users/briancleveland/work/yorthehunter/weave-react/src/components/Banner/index.jsx": {"path":"/Users/briancleveland/work/yorthehunter/weave-react/src/components/Banner/index.jsx","statementMap":{"0":{"start":{"line":8,"column":24},"end":{"line":8,"column":38}},"1":{"start":{"line":17,"column":4},"end":{"line":17,"column":12}},"2":{"start":{"line":19,"column":4},"end":{"line":21,"column":6}},"3":{"start":{"line":23,"column":4},"end":{"line":23,"column":53}},"4":{"start":{"line":27,"column":4},"end":{"line":27,"column":23}},"5":{"start":{"line":28,"column":4},"end":{"line":28,"column":49}},"6":{"start":{"line":41,"column":8},"end":{"line":41,"column":18}},"7":{"start":{"line":43,"column":29},"end":{"line":49,"column":5}},"8":{"start":{"line":51,"column":4},"end":{"line":79,"column":5}},"9":{"start":{"line":52,"column":6},"end":{"line":78,"column":8}},"10":{"start":{"line":80,"column":4},"end":{"line":80,"column":16}},"11":{"start":{"line":84,"column":21},"end":{"line":95,"column":1}},"12":{"start":{"line":97,"column":18},"end":{"line":122,"column":1}},"13":{"start":{"line":124,"column":0},"end":{"line":124,"column":35}},"14":{"start":{"line":125,"column":0},"end":{"line":125,"column":29}}},"fnMap":{"0":{"name":"(anonymous_0)","decl":{"start":{"line":16,"column":2},"end":{"line":16,"column":3}},"loc":{"start":{"line":16,"column":21},"end":{"line":24,"column":3}},"line":16},"1":{"name":"(anonymous_1)","decl":{"start":{"line":26,"column":2},"end":{"line":26,"column":3}},"loc":{"start":{"line":26,"column":18},"end":{"line":29,"column":3}},"line":26},"2":{"name":"(anonymous_2)","decl":{"start":{"line":31,"column":2},"end":{"line":31,"column":3}},"loc":{"start":{"line":31,"column":11},"end":{"line":81,"column":3}},"line":31}},"branchMap":{"0":{"loc":{"start":{"line":20,"column":26},"end":{"line":20,"column":47}},"type":"binary-expr","locations":[{"start":{"line":20,"column":26},"end":{"line":20,"column":39}},{"start":{"line":20,"column":43},"end":{"line":20,"column":47}}],"line":20},"1":{"loc":{"start":{"line":47,"column":6},"end":{"line":47,"column":52}},"type":"binary-expr","locations":[{"start":{"line":47,"column":6},"end":{"line":47,"column":16}},{"start":{"line":47,"column":20},"end":{"line":47,"column":52}}],"line":47},"2":{"loc":{"start":{"line":48,"column":6},"end":{"line":48,"column":40}},"type":"binary-expr","locations":[{"start":{"line":48,"column":6},"end":{"line":48,"column":10}},{"start":{"line":48,"column":14},"end":{"line":48,"column":40}}],"line":48},"3":{"loc":{"start":{"line":51,"column":4},"end":{"line":79,"column":5}},"type":"if","locations":[{"start":{"line":51,"column":4},"end":{"line":79,"column":5}},{"start":{"line":51,"column":4},"end":{"line":79,"column":5}}],"line":51},"4":{"loc":{"start":{"line":58,"column":12},"end":{"line":66,"column":18}},"type":"cond-expr","locations":[{"start":{"line":59,"column":14},"end":{"line":62,"column":16}},{"start":{"line":64,"column":14},"end":{"line":66,"column":18}}],"line":58},"5":{"loc":{"start":{"line":65,"column":17},"end":{"line":65,"column":36}},"type":"binary-expr","locations":[{"start":{"line":65,"column":17},"end":{"line":65,"column":24}},{"start":{"line":65,"column":28},"end":{"line":65,"column":36}}],"line":65},"6":{"loc":{"start":{"line":69,"column":12},"end":{"line":75,"column":21}},"type":"binary-expr","locations":[{"start":{"line":69,"column":12},"end":{"line":69,"column":23}},{"start":{"line":70,"column":12},"end":{"line":75,"column":21}}],"line":69}},"s":{"0":1,"1":5,"2":5,"3":5,"4":1,"5":1,"6":11,"7":11,"8":11,"9":9,"10":2,"11":1,"12":1,"13":1,"14":1},"f":{"0":5,"1":1,"2":11},"b":{"0":[5,4],"1":[11,0],"2":[11,0],"3":[9,2],"4":[0,9],"5":[9,8],"6":[9,9]},"_coverageSchema":"332fd63041d2c1bcb487cc26dd0d5f7d97098a6c","hash":"27c33181ebb4d47da204845d132a4b5d931f0f47"}
,"/Users/briancleveland/work/yorthehunter/weave-react/src/components/Button/index.jsx": {"path":"/Users/briancleveland/work/yorthehunter/weave-react/src/components/Button/index.jsx","statementMap":{"0":{"start":{"line":6,"column":24},"end":{"line":6,"column":38}},"1":{"start":{"line":13,"column":22},"end":{"line":45,"column":1}},"2":{"start":{"line":23,"column":6},"end":{"line":23,"column":11}},"3":{"start":{"line":25,"column":27},"end":{"line":31,"column":3}},"4":{"start":{"line":33,"column":2},"end":{"line":44,"column":4}},"5":{"start":{"line":47,"column":18},"end":{"line":74,"column":1}},"6":{"start":{"line":76,"column":21},"end":{"line":85,"column":1}},"7":{"start":{"line":87,"column":0},"end":{"line":87,"column":29}},"8":{"start":{"line":88,"column":0},"end":{"line":88,"column":35}}},"fnMap":{"0":{"name":"(anonymous_0)","decl":{"start":{"line":13,"column":22},"end":{"line":13,"column":23}},"loc":{"start":{"line":13,"column":33},"end":{"line":45,"column":1}},"line":13}},"branchMap":{"0":{"loc":{"start":{"line":27,"column":4},"end":{"line":27,"column":41}},"type":"binary-expr","locations":[{"start":{"line":27,"column":4},"end":{"line":27,"column":8}},{"start":{"line":27,"column":12},"end":{"line":27,"column":41}}],"line":27},"1":{"loc":{"start":{"line":28,"column":4},"end":{"line":28,"column":41}},"type":"binary-expr","locations":[{"start":{"line":28,"column":4},"end":{"line":28,"column":8}},{"start":{"line":28,"column":12},"end":{"line":28,"column":41}}],"line":28},"2":{"loc":{"start":{"line":29,"column":4},"end":{"line":29,"column":50}},"type":"binary-expr","locations":[{"start":{"line":29,"column":4},"end":{"line":29,"column":14}},{"start":{"line":29,"column":18},"end":{"line":29,"column":50}}],"line":29},"3":{"loc":{"start":{"line":30,"column":4},"end":{"line":30,"column":29}},"type":"binary-expr","locations":[{"start":{"line":30,"column":4},"end":{"line":30,"column":12}},{"start":{"line":30,"column":16},"end":{"line":30,"column":29}}],"line":30},"4":{"loc":{"start":{"line":36,"column":11},"end":{"line":36,"column":33}},"type":"cond-expr","locations":[{"start":{"line":36,"column":20},"end":{"line":36,"column":27}},{"start":{"line":36,"column":30},"end":{"line":36,"column":33}}],"line":36},"5":{"loc":{"start":{"line":37,"column":12},"end":{"line":37,"column":36}},"type":"cond-expr","locations":[{"start":{"line":37,"column":21},"end":{"line":37,"column":29}},{"start":{"line":37,"column":32},"end":{"line":37,"column":36}}],"line":37},"6":{"loc":{"start":{"line":38,"column":13},"end":{"line":38,"column":42}},"type":"cond-expr","locations":[{"start":{"line":38,"column":22},"end":{"line":38,"column":30}},{"start":{"line":38,"column":33},"end":{"line":38,"column":42}}],"line":38},"7":{"loc":{"start":{"line":42,"column":8},"end":{"line":42,"column":32}},"type":"cond-expr","locations":[{"start":{"line":42,"column":17},"end":{"line":42,"column":21}},{"start":{"line":42,"column":24},"end":{"line":42,"column":32}}],"line":42}},"s":{"0":1,"1":1,"2":15,"3":15,"4":15,"5":1,"6":1,"7":1,"8":1},"f":{"0":15},"b":{"0":[15,3],"1":[15,4],"2":[15,0],"3":[15,10],"4":[1,14],"5":[1,14],"6":[1,14],"7":[1,14]},"_coverageSchema":"332fd63041d2c1bcb487cc26dd0d5f7d97098a6c","hash":"3a1d98a865f38161d10f3309512316d7dea68854"}
,"/Users/briancleveland/work/yorthehunter/weave-react/src/components/Card/index.jsx": {"path":"/Users/briancleveland/work/yorthehunter/weave-react/src/components/Card/index.jsx","statementMap":{"0":{"start":{"line":7,"column":24},"end":{"line":7,"column":36}},"1":{"start":{"line":13,"column":20},"end":{"line":31,"column":1}},"2":{"start":{"line":18,"column":6},"end":{"line":18,"column":11}},"3":{"start":{"line":20,"column":27},"end":{"line":24,"column":3}},"4":{"start":{"line":26,"column":2},"end":{"line":30,"column":4}},"5":{"start":{"line":33,"column":21},"end":{"line":38,"column":1}},"6":{"start":{"line":40,"column":18},"end":{"line":45,"column":1}},"7":{"start":{"line":47,"column":0},"end":{"line":47,"column":33}},"8":{"start":{"line":48,"column":0},"end":{"line":48,"column":27}}},"fnMap":{"0":{"name":"(anonymous_0)","decl":{"start":{"line":13,"column":20},"end":{"line":13,"column":21}},"loc":{"start":{"line":13,"column":31},"end":{"line":31,"column":1}},"line":13}},"branchMap":{"0":{"loc":{"start":{"line":23,"column":4},"end":{"line":23,"column":56}},"type":"cond-expr","locations":[{"start":{"line":23,"column":18},"end":{"line":23,"column":49}},{"start":{"line":23,"column":52},"end":{"line":23,"column":56}}],"line":23}},"s":{"0":1,"1":1,"2":2,"3":2,"4":2,"5":1,"6":1,"7":1,"8":1},"f":{"0":2},"b":{"0":[1,1]},"_coverageSchema":"332fd63041d2c1bcb487cc26dd0d5f7d97098a6c","hash":"c5999f0ecc26fb9cf542885066821b5b9e88b100"}
,"/Users/briancleveland/work/yorthehunter/weave-react/src/components/Collection/CollectionItem.jsx": {"path":"/Users/briancleveland/work/yorthehunter/weave-react/src/components/Collection/CollectionItem.jsx","statementMap":{"0":{"start":{"line":6,"column":24},"end":{"line":6,"column":48}},"1":{"start":{"line":14,"column":30},"end":{"line":33,"column":1}},"2":{"start":{"line":20,"column":6},"end":{"line":20,"column":11}},"3":{"start":{"line":22,"column":27},"end":{"line":26,"column":3}},"4":{"start":{"line":28,"column":2},"end":{"line":32,"column":4}},"5":{"start":{"line":35,"column":21},"end":{"line":40,"column":1}},"6":{"start":{"line":42,"column":18},"end":{"line":48,"column":1}},"7":{"start":{"line":50,"column":0},"end":{"line":50,"column":37}},"8":{"start":{"line":51,"column":0},"end":{"line":51,"column":43}}},"fnMap":{"0":{"name":"(anonymous_0)","decl":{"start":{"line":14,"column":30},"end":{"line":14,"column":31}},"loc":{"start":{"line":14,"column":41},"end":{"line":33,"column":1}},"line":14}},"branchMap":{"0":{"loc":{"start":{"line":25,"column":4},"end":{"line":25,"column":90}},"type":"cond-expr","locations":[{"start":{"line":25,"column":16},"end":{"line":25,"column":85}},{"start":{"line":25,"column":88},"end":{"line":25,"column":90}}],"line":25}},"s":{"0":1,"1":1,"2":3,"3":3,"4":3,"5":1,"6":1,"7":1,"8":1},"f":{"0":3},"b":{"0":[1,2]},"_coverageSchema":"332fd63041d2c1bcb487cc26dd0d5f7d97098a6c","hash":"5c992e1cde08315b3eb182f3746a754a231aeee8"}
,"/Users/briancleveland/work/yorthehunter/weave-react/src/components/Collection/index.jsx": {"path":"/Users/briancleveland/work/yorthehunter/weave-react/src/components/Collection/index.jsx","statementMap":{"0":{"start":{"line":8,"column":24},"end":{"line":8,"column":42}},"1":{"start":{"line":15,"column":26},"end":{"line":44,"column":1}},"2":{"start":{"line":21,"column":6},"end":{"line":21,"column":11}},"3":{"start":{"line":23,"column":27},"end":{"line":27,"column":3}},"4":{"start":{"line":30,"column":4},"end":{"line":37,"column":6}},"5":{"start":{"line":31,"column":6},"end":{"line":34,"column":7}},"6":{"start":{"line":33,"column":8},"end":{"line":33,"column":52}},"7":{"start":{"line":36,"column":6},"end":{"line":36,"column":19}},"8":{"start":{"line":39,"column":2},"end":{"line":43,"column":4}},"9":{"start":{"line":46,"column":21},"end":{"line":51,"column":1}},"10":{"start":{"line":53,"column":18},"end":{"line":59,"column":1}},"11":{"start":{"line":61,"column":0},"end":{"line":61,"column":33}},"12":{"start":{"line":62,"column":0},"end":{"line":62,"column":39}}},"fnMap":{"0":{"name":"(anonymous_0)","decl":{"start":{"line":15,"column":26},"end":{"line":15,"column":27}},"loc":{"start":{"line":15,"column":37},"end":{"line":44,"column":1}},"line":15},"1":{"name":"(anonymous_1)","decl":{"start":{"line":30,"column":33},"end":{"line":30,"column":34}},"loc":{"start":{"line":30,"column":42},"end":{"line":37,"column":5}},"line":30}},"branchMap":{"0":{"loc":{"start":{"line":25,"column":4},"end":{"line":25,"column":56}},"type":"cond-expr","locations":[{"start":{"line":25,"column":18},"end":{"line":25,"column":49}},{"start":{"line":25,"column":52},"end":{"line":25,"column":56}}],"line":25},"1":{"loc":{"start":{"line":31,"column":6},"end":{"line":34,"column":7}},"type":"if","locations":[{"start":{"line":31,"column":6},"end":{"line":34,"column":7}},{"start":{"line":31,"column":6},"end":{"line":34,"column":7}}],"line":31}},"s":{"0":1,"1":1,"2":1,"3":1,"4":1,"5":4,"6":3,"7":1,"8":1,"9":1,"10":1,"11":1,"12":1},"f":{"0":1,"1":4},"b":{"0":[0,1],"1":[3,1]},"_coverageSchema":"332fd63041d2c1bcb487cc26dd0d5f7d97098a6c","hash":"d902a545f435e45ee444a67e763b26a17818ad58"}
,"/Users/briancleveland/work/yorthehunter/weave-react/src/components/Dropdown/DropdownActivator.jsx": {"path":"/Users/briancleveland/work/yorthehunter/weave-react/src/components/Dropdown/DropdownActivator.jsx","statementMap":{"0":{"start":{"line":5,"column":24},"end":{"line":5,"column":50}},"1":{"start":{"line":7,"column":33},"end":{"line":21,"column":1}},"2":{"start":{"line":9,"column":4},"end":{"line":9,"column":24}},"3":{"start":{"line":11,"column":2},"end":{"line":20,"column":4}},"4":{"start":{"line":23,"column":21},"end":{"line":26,"column":1}},"5":{"start":{"line":28,"column":18},"end":{"line":32,"column":1}},"6":{"start":{"line":34,"column":0},"end":{"line":34,"column":52}},"7":{"start":{"line":35,"column":0},"end":{"line":35,"column":46}},"8":{"start":{"line":36,"column":0},"end":{"line":36,"column":40}}},"fnMap":{"0":{"name":"(anonymous_0)","decl":{"start":{"line":7,"column":33},"end":{"line":7,"column":34}},"loc":{"start":{"line":7,"column":44},"end":{"line":21,"column":1}},"line":7}},"branchMap":{},"s":{"0":1,"1":1,"2":5,"3":5,"4":1,"5":1,"6":1,"7":1,"8":1},"f":{"0":5},"b":{},"_coverageSchema":"332fd63041d2c1bcb487cc26dd0d5f7d97098a6c","hash":"acc4a5a84df32ad42fac707be91f9f29f1cc7ab8"}
,"/Users/briancleveland/work/yorthehunter/weave-react/src/components/Dropdown/DropdownMenu.jsx": {"path":"/Users/briancleveland/work/yorthehunter/weave-react/src/components/Dropdown/DropdownMenu.jsx","statementMap":{"0":{"start":{"line":5,"column":24},"end":{"line":5,"column":45}},"1":{"start":{"line":7,"column":32},"end":{"line":9,"column":1}},"2":{"start":{"line":8,"column":2},"end":{"line":8,"column":59}},"3":{"start":{"line":11,"column":28},"end":{"line":41,"column":1}},"4":{"start":{"line":17,"column":6},"end":{"line":17,"column":11}},"5":{"start":{"line":20,"column":4},"end":{"line":20,"column":24}},"6":{"start":{"line":22,"column":2},"end":{"line":40,"column":9}},"7":{"start":{"line":32,"column":14},"end":{"line":32,"column":50}},"8":{"start":{"line":43,"column":21},"end":{"line":48,"column":1}},"9":{"start":{"line":50,"column":18},"end":{"line":56,"column":1}},"10":{"start":{"line":58,"column":0},"end":{"line":58,"column":42}},"11":{"start":{"line":59,"column":0},"end":{"line":59,"column":41}},"12":{"start":{"line":60,"column":0},"end":{"line":60,"column":35}},"13":{"start":{"line":61,"column":0},"end":{"line":63,"column":2}}},"fnMap":{"0":{"name":"(anonymous_0)","decl":{"start":{"line":7,"column":32},"end":{"line":7,"column":33}},"loc":{"start":{"line":8,"column":2},"end":{"line":8,"column":59}},"line":8},"1":{"name":"(anonymous_1)","decl":{"start":{"line":11,"column":28},"end":{"line":11,"column":29}},"loc":{"start":{"line":11,"column":39},"end":{"line":41,"column":1}},"line":11},"2":{"name":"(anonymous_2)","decl":{"start":{"line":31,"column":41},"end":{"line":31,"column":42}},"loc":{"start":{"line":32,"column":14},"end":{"line":32,"column":50}},"line":32}},"branchMap":{"0":{"loc":{"start":{"line":22,"column":9},"end":{"line":40,"column":8}},"type":"cond-expr","locations":[{"start":{"line":24,"column":6},"end":{"line":37,"column":18}},{"start":{"line":40,"column":4},"end":{"line":40,"column":8}}],"line":22},"1":{"loc":{"start":{"line":27,"column":25},"end":{"line":27,"column":50}},"type":"cond-expr","locations":[{"start":{"line":27,"column":33},"end":{"line":27,"column":45}},{"start":{"line":27,"column":48},"end":{"line":27,"column":50}}],"line":27},"2":{"loc":{"start":{"line":30,"column":10},"end":{"line":35,"column":20}},"type":"cond-expr","locations":[{"start":{"line":31,"column":12},"end":{"line":33,"column":14}},{"start":{"line":35,"column":12},"end":{"line":35,"column":20}}],"line":30}},"s":{"0":1,"1":1,"2":0,"3":1,"4":5,"5":5,"6":5,"7":0,"8":1,"9":1,"10":1,"11":1,"12":1,"13":1},"f":{"0":0,"1":5,"2":0},"b":{"0":[2,3],"1":[1,1],"2":[0,2]},"_coverageSchema":"332fd63041d2c1bcb487cc26dd0d5f7d97098a6c","hash":"856a9ce454c0fab5afe0d7ad718899c72680766b"}
,"/Users/briancleveland/work/yorthehunter/weave-react/src/components/Dropdown/index.jsx": {"path":"/Users/briancleveland/work/yorthehunter/weave-react/src/components/Dropdown/index.jsx","statementMap":{"0":{"start":{"line":6,"column":24},"end":{"line":6,"column":44}},"1":{"start":{"line":10,"column":4},"end":{"line":10,"column":12}},"2":{"start":{"line":11,"column":4},"end":{"line":11,"column":53}},"3":{"start":{"line":12,"column":4},"end":{"line":12,"column":65}},"4":{"start":{"line":16,"column":4},"end":{"line":16,"column":46}},"5":{"start":{"line":20,"column":4},"end":{"line":20,"column":23}},"6":{"start":{"line":22,"column":4},"end":{"line":26,"column":5}},"7":{"start":{"line":23,"column":6},"end":{"line":23,"column":73}},"8":{"start":{"line":25,"column":6},"end":{"line":25,"column":76}},"9":{"start":{"line":28,"column":4},"end":{"line":30,"column":7}},"10":{"start":{"line":35,"column":4},"end":{"line":37,"column":5}},"11":{"start":{"line":36,"column":6},"end":{"line":36,"column":13}},"12":{"start":{"line":39,"column":4},"end":{"line":41,"column":7}},"13":{"start":{"line":43,"column":4},"end":{"line":43,"column":74}},"14":{"start":{"line":47,"column":4},"end":{"line":65,"column":7}},"15":{"start":{"line":48,"column":6},"end":{"line":62,"column":7}},"16":{"start":{"line":50,"column":8},"end":{"line":57,"column":10}},"17":{"start":{"line":58,"column":13},"end":{"line":62,"column":7}},"18":{"start":{"line":61,"column":8},"end":{"line":61,"column":73}},"19":{"start":{"line":64,"column":6},"end":{"line":64,"column":19}},"20":{"start":{"line":69,"column":29},"end":{"line":69,"column":49}},"21":{"start":{"line":71,"column":4},"end":{"line":80,"column":6}},"22":{"start":{"line":74,"column":33},"end":{"line":74,"column":51}},"23":{"start":{"line":84,"column":21},"end":{"line":88,"column":1}},"24":{"start":{"line":90,"column":18},"end":{"line":94,"column":1}},"25":{"start":{"line":96,"column":0},"end":{"line":96,"column":37}},"26":{"start":{"line":97,"column":0},"end":{"line":97,"column":31}}},"fnMap":{"0":{"name":"(anonymous_0)","decl":{"start":{"line":9,"column":2},"end":{"line":9,"column":3}},"loc":{"start":{"line":9,"column":16},"end":{"line":13,"column":3}},"line":9},"1":{"name":"(anonymous_1)","decl":{"start":{"line":15,"column":2},"end":{"line":15,"column":3}},"loc":{"start":{"line":15,"column":23},"end":{"line":17,"column":3}},"line":15},"2":{"name":"(anonymous_2)","decl":{"start":{"line":19,"column":2},"end":{"line":19,"column":3}},"loc":{"start":{"line":19,"column":18},"end":{"line":31,"column":3}},"line":19},"3":{"name":"(anonymous_3)","decl":{"start":{"line":33,"column":2},"end":{"line":33,"column":3}},"loc":{"start":{"line":33,"column":24},"end":{"line":44,"column":3}},"line":33},"4":{"name":"(anonymous_4)","decl":{"start":{"line":46,"column":2},"end":{"line":46,"column":3}},"loc":{"start":{"line":46,"column":19},"end":{"line":66,"column":3}},"line":46},"5":{"name":"(anonymous_5)","decl":{"start":{"line":47,"column":51},"end":{"line":47,"column":52}},"loc":{"start":{"line":47,"column":69},"end":{"line":65,"column":5}},"line":47},"6":{"name":"(anonymous_6)","decl":{"start":{"line":68,"column":2},"end":{"line":68,"column":3}},"loc":{"start":{"line":68,"column":11},"end":{"line":81,"column":3}},"line":68},"7":{"name":"(anonymous_7)","decl":{"start":{"line":74,"column":22},"end":{"line":74,"column":23}},"loc":{"start":{"line":74,"column":31},"end":{"line":74,"column":53}},"line":74}},"branchMap":{"0":{"loc":{"start":{"line":22,"column":4},"end":{"line":26,"column":5}},"type":"if","locations":[{"start":{"line":22,"column":4},"end":{"line":26,"column":5}},{"start":{"line":22,"column":4},"end":{"line":26,"column":5}}],"line":22},"1":{"loc":{"start":{"line":35,"column":4},"end":{"line":37,"column":5}},"type":"if","locations":[{"start":{"line":35,"column":4},"end":{"line":37,"column":5}},{"start":{"line":35,"column":4},"end":{"line":37,"column":5}}],"line":35},"2":{"loc":{"start":{"line":48,"column":6},"end":{"line":62,"column":7}},"type":"if","locations":[{"start":{"line":48,"column":6},"end":{"line":62,"column":7}},{"start":{"line":48,"column":6},"end":{"line":62,"column":7}}],"line":48},"3":{"loc":{"start":{"line":48,"column":10},"end":{"line":48,"column":83}},"type":"binary-expr","locations":[{"start":{"line":48,"column":10},"end":{"line":48,"column":51}},{"start":{"line":48,"column":55},"end":{"line":48,"column":83}}],"line":48},"4":{"loc":{"start":{"line":58,"column":13},"end":{"line":62,"column":7}},"type":"if","locations":[{"start":{"line":58,"column":13},"end":{"line":62,"column":7}},{"start":{"line":58,"column":13},"end":{"line":62,"column":7}}],"line":58},"5":{"loc":{"start":{"line":58,"column":17},"end":{"line":58,"column":105}},"type":"binary-expr","locations":[{"start":{"line":58,"column":17},"end":{"line":58,"column":63}},{"start":{"line":58,"column":67},"end":{"line":58,"column":105}}],"line":58},"6":{"loc":{"start":{"line":76,"column":25},"end":{"line":76,"column":73}},"type":"cond-expr","locations":[{"start":{"line":76,"column":44},"end":{"line":76,"column":68}},{"start":{"line":76,"column":71},"end":{"line":76,"column":73}}],"line":76}},"s":{"0":1,"1":4,"2":4,"3":4,"4":4,"5":2,"6":2,"7":1,"8":1,"9":2,"10":0,"11":0,"12":0,"13":0,"14":7,"15":11,"16":5,"17":6,"18":5,"19":1,"20":7,"21":7,"22":8,"23":1,"24":1,"25":1,"26":1},"f":{"0":4,"1":4,"2":2,"3":0,"4":7,"5":11,"6":7,"7":8},"b":{"0":[1,1],"1":[0,0],"2":[5,6],"3":[11,6],"4":[5,1],"5":[6,1],"6":[2,5]},"_coverageSchema":"332fd63041d2c1bcb487cc26dd0d5f7d97098a6c","hash":"63807ba5b4c9a567db3aa6333ba02e44c1c4a101"}
,"/Users/briancleveland/work/yorthehunter/weave-react/src/components/Icon/index.jsx": {"path":"/Users/briancleveland/work/yorthehunter/weave-react/src/components/Icon/index.jsx","statementMap":{"0":{"start":{"line":5,"column":20},"end":{"line":31,"column":1}},"1":{"start":{"line":11,"column":6},"end":{"line":11,"column":11}},"2":{"start":{"line":13,"column":15},"end":{"line":13,"column":39}},"3":{"start":{"line":15,"column":2},"end":{"line":30,"column":4}},"4":{"start":{"line":33,"column":21},"end":{"line":37,"column":1}},"5":{"start":{"line":39,"column":16},"end":{"line":39,"column":43}},"6":{"start":{"line":41,"column":18},"end":{"line":48,"column":1}},"7":{"start":{"line":50,"column":0},"end":{"line":50,"column":33}},"8":{"start":{"line":51,"column":0},"end":{"line":51,"column":27}}},"fnMap":{"0":{"name":"(anonymous_0)","decl":{"start":{"line":5,"column":20},"end":{"line":5,"column":21}},"loc":{"start":{"line":5,"column":31},"end":{"line":31,"column":1}},"line":5}},"branchMap":{"0":{"loc":{"start":{"line":13,"column":15},"end":{"line":13,"column":39}},"type":"binary-expr","locations":[{"start":{"line":13,"column":15},"end":{"line":13,"column":26}},{"start":{"line":13,"column":30},"end":{"line":13,"column":39}}],"line":13},"1":{"loc":{"start":{"line":16,"column":4},"end":{"line":29,"column":10}},"type":"cond-expr","locations":[{"start":{"line":17,"column":6},"end":{"line":27,"column":12}},{"start":{"line":29,"column":6},"end":{"line":29,"column":10}}],"line":16}},"s":{"0":1,"1":9,"2":9,"3":9,"4":1,"5":1,"6":1,"7":1,"8":1},"f":{"0":9},"b":{"0":[9,0],"1":[9,0]},"_coverageSchema":"332fd63041d2c1bcb487cc26dd0d5f7d97098a6c","hash":"caf6b1b55b788b2cc9d4176c66bd9217d13f4a6b"}
,"/Users/briancleveland/work/yorthehunter/weave-react/src/components/Icon/paths.js": {"path":"/Users/briancleveland/work/yorthehunter/weave-react/src/components/Icon/paths.js","statementMap":{"0":{"start":{"line":1,"column":22},"end":{"line":1,"column":43}},"1":{"start":{"line":3,"column":21},"end":{"line":21,"column":1}}},"fnMap":{},"branchMap":{},"s":{"0":1,"1":1},"f":{},"b":{},"_coverageSchema":"332fd63041d2c1bcb487cc26dd0d5f7d97098a6c","hash":"346f205cb90c039f115ccb047db58e086f49d7ea"}
,"/Users/briancleveland/work/yorthehunter/weave-react/src/components/ProgressBar/index.jsx": {"path":"/Users/briancleveland/work/yorthehunter/weave-react/src/components/ProgressBar/index.jsx","statementMap":{"0":{"start":{"line":7,"column":24},"end":{"line":7,"column":40}},"1":{"start":{"line":16,"column":27},"end":{"line":33,"column":1}},"2":{"start":{"line":19,"column":6},"end":{"line":19,"column":11}},"3":{"start":{"line":21,"column":27},"end":{"line":23,"column":3}},"4":{"start":{"line":25,"column":2},"end":{"line":32,"column":4}},"5":{"start":{"line":35,"column":21},"end":{"line":38,"column":1}},"6":{"start":{"line":40,"column":18},"end":{"line":43,"column":1}},"7":{"start":{"line":45,"column":0},"end":{"line":45,"column":40}},"8":{"start":{"line":46,"column":0},"end":{"line":46,"column":34}}},"fnMap":{"0":{"name":"(anonymous_0)","decl":{"start":{"line":16,"column":27},"end":{"line":16,"column":28}},"loc":{"start":{"line":16,"column":38},"end":{"line":33,"column":1}},"line":16}},"branchMap":{"0":{"loc":{"start":{"line":28,"column":19},"end":{"line":28,"column":101}},"type":"cond-expr","locations":[{"start":{"line":28,"column":30},"end":{"line":28,"column":63}},{"start":{"line":28,"column":66},"end":{"line":28,"column":101}}],"line":28},"1":{"loc":{"start":{"line":29,"column":15},"end":{"line":29,"column":52}},"type":"binary-expr","locations":[{"start":{"line":29,"column":15},"end":{"line":29,"column":23}},{"start":{"line":29,"column":27},"end":{"line":29,"column":52}}],"line":29}},"s":{"0":1,"1":1,"2":2,"3":2,"4":2,"5":1,"6":1,"7":1,"8":1},"f":{"0":2},"b":{"0":[1,1],"1":[2,1]},"_coverageSchema":"332fd63041d2c1bcb487cc26dd0d5f7d97098a6c","hash":"865e5d80a2d237eeacb5aad6a37ebd5e7bc23c28"}
,"/Users/briancleveland/work/yorthehunter/weave-react/src/components/Table/index.jsx": {"path":"/Users/briancleveland/work/yorthehunter/weave-react/src/components/Table/index.jsx","statementMap":{"0":{"start":{"line":8,"column":24},"end":{"line":8,"column":37}},"1":{"start":{"line":10,"column":18},"end":{"line":24,"column":1}},"2":{"start":{"line":11,"column":14},"end":{"line":11,"column":37}},"3":{"start":{"line":13,"column":2},"end":{"line":23,"column":4}},"4":{"start":{"line":16,"column":8},"end":{"line":19,"column":10}},"5":{"start":{"line":26,"column":18},"end":{"line":32,"column":1}},"6":{"start":{"line":27,"column":2},"end":{"line":31,"column":4}},"7":{"start":{"line":28,"column":4},"end":{"line":30,"column":9}},"8":{"start":{"line":34,"column":22},"end":{"line":45,"column":1}},"9":{"start":{"line":35,"column":2},"end":{"line":44,"column":19}},"10":{"start":{"line":47,"column":24},"end":{"line":63,"column":1}},"11":{"start":{"line":48,"column":2},"end":{"line":62,"column":10}},"12":{"start":{"line":51,"column":8},"end":{"line":59,"column":13}},"13":{"start":{"line":65,"column":21},"end":{"line":102,"column":1}},"14":{"start":{"line":70,"column":6},"end":{"line":70,"column":11}},"15":{"start":{"line":72,"column":20},"end":{"line":81,"column":3}},"16":{"start":{"line":73,"column":4},"end":{"line":80,"column":5}},"17":{"start":{"line":74,"column":24},"end":{"line":74,"column":77}},"18":{"start":{"line":74,"column":47},"end":{"line":74,"column":76}},"19":{"start":{"line":75,"column":6},"end":{"line":75,"column":23}},"20":{"start":{"line":76,"column":11},"end":{"line":80,"column":5}},"21":{"start":{"line":77,"column":6},"end":{"line":77,"column":47}},"22":{"start":{"line":79,"column":6},"end":{"line":79,"column":18}},"23":{"start":{"line":83,"column":27},"end":{"line":86,"column":3}},"24":{"start":{"line":88,"column":2},"end":{"line":101,"column":4}},"25":{"start":{"line":104,"column":0},"end":{"line":108,"column":2}},"26":{"start":{"line":109,"column":0},"end":{"line":113,"column":2}},"27":{"start":{"line":114,"column":27},"end":{"line":116,"column":1}},"28":{"start":{"line":117,"column":24},"end":{"line":120,"column":1}},"29":{"start":{"line":121,"column":0},"end":{"line":121,"column":48}},"30":{"start":{"line":122,"column":0},"end":{"line":122,"column":42}},"31":{"start":{"line":123,"column":0},"end":{"line":123,"column":50}},"32":{"start":{"line":124,"column":0},"end":{"line":124,"column":44}}},"fnMap":{"0":{"name":"(anonymous_0)","decl":{"start":{"line":10,"column":18},"end":{"line":10,"column":19}},"loc":{"start":{"line":10,"column":41},"end":{"line":24,"column":1}},"line":10},"1":{"name":"(anonymous_1)","decl":{"start":{"line":15,"column":17},"end":{"line":15,"column":18}},"loc":{"start":{"line":16,"column":8},"end":{"line":19,"column":10}},"line":16},"2":{"name":"(anonymous_2)","decl":{"start":{"line":26,"column":18},"end":{"line":26,"column":19}},"loc":{"start":{"line":27,"column":2},"end":{"line":31,"column":4}},"line":27},"3":{"name":"(anonymous_3)","decl":{"start":{"line":27,"column":13},"end":{"line":27,"column":14}},"loc":{"start":{"line":28,"column":4},"end":{"line":30,"column":9}},"line":28},"4":{"name":"(anonymous_4)","decl":{"start":{"line":34,"column":22},"end":{"line":34,"column":23}},"loc":{"start":{"line":35,"column":2},"end":{"line":44,"column":19}},"line":35},"5":{"name":"(anonymous_5)","decl":{"start":{"line":47,"column":24},"end":{"line":47,"column":25}},"loc":{"start":{"line":48,"column":2},"end":{"line":62,"column":10}},"line":48},"6":{"name":"(anonymous_6)","decl":{"start":{"line":50,"column":19},"end":{"line":50,"column":20}},"loc":{"start":{"line":51,"column":8},"end":{"line":59,"column":13}},"line":51},"7":{"name":"(anonymous_7)","decl":{"start":{"line":65,"column":21},"end":{"line":65,"column":22}},"loc":{"start":{"line":65,"column":32},"end":{"line":102,"column":1}},"line":65},"8":{"name":"(anonymous_8)","decl":{"start":{"line":72,"column":20},"end":{"line":72,"column":21}},"loc":{"start":{"line":72,"column":34},"end":{"line":81,"column":3}},"line":72},"9":{"name":"(anonymous_9)","decl":{"start":{"line":74,"column":37},"end":{"line":74,"column":38}},"loc":{"start":{"line":74,"column":47},"end":{"line":74,"column":76}},"line":74}},"branchMap":{"0":{"loc":{"start":{"line":11,"column":14},"end":{"line":11,"column":37}},"type":"cond-expr","locations":[{"start":{"line":11,"column":26},"end":{"line":11,"column":30}},{"start":{"line":11,"column":33},"end":{"line":11,"column":37}}],"line":11},"1":{"loc":{"start":{"line":14,"column":4},"end":{"line":22,"column":58}},"type":"cond-expr","locations":[{"start":{"line":15,"column":6},"end":{"line":20,"column":8}},{"start":{"line":22,"column":6},"end":{"line":22,"column":58}}],"line":14},"2":{"loc":{"start":{"line":73,"column":4},"end":{"line":80,"column":5}},"type":"if","locations":[{"start":{"line":73,"column":4},"end":{"line":80,"column":5}},{"start":{"line":73,"column":4},"end":{"line":80,"column":5}}],"line":73},"3":{"loc":{"start":{"line":76,"column":11},"end":{"line":80,"column":5}},"type":"if","locations":[{"start":{"line":76,"column":11},"end":{"line":80,"column":5}},{"start":{"line":76,"column":11},"end":{"line":80,"column":5}}],"line":76},"4":{"loc":{"start":{"line":95,"column":8},"end":{"line":98,"column":38}},"type":"cond-expr","locations":[{"start":{"line":96,"column":10},"end":{"line":96,"column":40}},{"start":{"line":98,"column":10},"end":{"line":98,"column":38}}],"line":95}},"s":{"0":1,"1":1,"2":14,"3":14,"4":8,"5":1,"6":2,"7":8,"8":1,"9":2,"10":1,"11":1,"12":4,"13":1,"14":3,"15":3,"16":3,"17":0,"18":0,"19":0,"20":3,"21":1,"22":2,"23":3,"24":3,"25":1,"26":1,"27":1,"28":1,"29":1,"30":1,"31":1,"32":1},"f":{"0":14,"1":8,"2":2,"3":8,"4":2,"5":1,"6":4,"7":3,"8":3,"9":0},"b":{"0":[2,12],"1":[2,12],"2":[0,3],"3":[1,2],"4":[1,2]},"_coverageSchema":"332fd63041d2c1bcb487cc26dd0d5f7d97098a6c","hash":"4f4b95e41e956c6f7ea2ec6f52023c29cd93c339"}
,"/Users/briancleveland/work/yorthehunter/weave-react/src/components/Tooltip/index.jsx": {"path":"/Users/briancleveland/work/yorthehunter/weave-react/src/components/Tooltip/index.jsx","statementMap":{"0":{"start":{"line":8,"column":24},"end":{"line":8,"column":43}},"1":{"start":{"line":16,"column":23},"end":{"line":37,"column":1}},"2":{"start":{"line":21,"column":6},"end":{"line":21,"column":11}},"3":{"start":{"line":23,"column":27},"end":{"line":27,"column":4}},"4":{"start":{"line":29,"column":2},"end":{"line":36,"column":4}},"5":{"start":{"line":39,"column":21},"end":{"line":44,"column":1}},"6":{"start":{"line":46,"column":18},"end":{"line":51,"column":1}},"7":{"start":{"line":53,"column":0},"end":{"line":53,"column":36}},"8":{"start":{"line":54,"column":0},"end":{"line":54,"column":30}}},"fnMap":{"0":{"name":"(anonymous_0)","decl":{"start":{"line":16,"column":23},"end":{"line":16,"column":24}},"loc":{"start":{"line":16,"column":34},"end":{"line":37,"column":1}},"line":16}},"branchMap":{"0":{"loc":{"start":{"line":26,"column":4},"end":{"line":26,"column":57}},"type":"binary-expr","locations":[{"start":{"line":26,"column":4},"end":{"line":26,"column":22}},{"start":{"line":26,"column":26},"end":{"line":26,"column":57}}],"line":26}},"s":{"0":1,"1":1,"2":4,"3":4,"4":4,"5":1,"6":1,"7":1,"8":1},"f":{"0":4},"b":{"0":[4,1]},"_coverageSchema":"332fd63041d2c1bcb487cc26dd0d5f7d97098a6c","hash":"820035b3b634a3ab90f2aed262fe3d6d62c38246"}
,"/Users/briancleveland/work/yorthehunter/weave-react/src/components/utilities/CustomTag.jsx": {"path":"/Users/briancleveland/work/yorthehunter/weave-react/src/components/utilities/CustomTag.jsx","statementMap":{"0":{"start":{"line":5,"column":25},"end":{"line":35,"column":1}},"1":{"start":{"line":13,"column":6},"end":{"line":13,"column":11}},"2":{"start":{"line":15,"column":14},"end":{"line":15,"column":17}},"3":{"start":{"line":17,"column":18},"end":{"line":20,"column":3}},"4":{"start":{"line":22,"column":2},"end":{"line":34,"column":4}},"5":{"start":{"line":37,"column":18},"end":{"line":55,"column":1}},"6":{"start":{"line":57,"column":21},"end":{"line":68,"column":1}},"7":{"start":{"line":70,"column":0},"end":{"line":70,"column":38}},"8":{"start":{"line":71,"column":0},"end":{"line":71,"column":32}}},"fnMap":{"0":{"name":"(anonymous_0)","decl":{"start":{"line":5,"column":25},"end":{"line":5,"column":26}},"loc":{"start":{"line":5,"column":36},"end":{"line":35,"column":1}},"line":5}},"branchMap":{},"s":{"0":8,"1":48,"2":48,"3":48,"4":48,"5":8,"6":8,"7":8,"8":8},"f":{"0":48},"b":{},"_coverageSchema":"332fd63041d2c1bcb487cc26dd0d5f7d97098a6c","hash":"92927c5f3c1f06245c392d591cc6e24a60a42020"}
,"/Users/briancleveland/work/yorthehunter/weave-react/src/components/utilities/constants.js": {"path":"/Users/briancleveland/work/yorthehunter/weave-react/src/components/utilities/constants.js","statementMap":{"0":{"start":{"line":1,"column":27},"end":{"line":6,"column":1}},"1":{"start":{"line":8,"column":21},"end":{"line":15,"column":1}},"2":{"start":{"line":17,"column":21},"end":{"line":26,"column":1}},"3":{"start":{"line":28,"column":25},"end":{"line":40,"column":1}},"4":{"start":{"line":42,"column":22},"end":{"line":47,"column":1}}},"fnMap":{},"branchMap":{},"s":{"0":6,"1":6,"2":6,"3":6,"4":6},"f":{},"b":{},"_coverageSchema":"332fd63041d2c1bcb487cc26dd0d5f7d97098a6c","hash":"0a89f64a336a8b7a86016b47de7161ba053cdda4"}
,"/Users/briancleveland/work/yorthehunter/weave-react/src/components/utilities/util.js": {"path":"/Users/briancleveland/work/yorthehunter/weave-react/src/components/utilities/util.js","statementMap":{"0":{"start":{"line":3,"column":22},"end":{"line":9,"column":1}},"1":{"start":{"line":4,"column":2},"end":{"line":8,"column":3}},"2":{"start":{"line":5,"column":4},"end":{"line":5,"column":37}},"3":{"start":{"line":7,"column":4},"end":{"line":7,"column":60}},"4":{"start":{"line":11,"column":27},"end":{"line":13,"column":1}},"5":{"start":{"line":12,"column":2},"end":{"line":12,"column":64}},"6":{"start":{"line":15,"column":21},"end":{"line":17,"column":1}},"7":{"start":{"line":16,"column":2},"end":{"line":16,"column":58}},"8":{"start":{"line":19,"column":21},"end":{"line":21,"column":1}},"9":{"start":{"line":20,"column":2},"end":{"line":20,"column":58}},"10":{"start":{"line":23,"column":25},"end":{"line":25,"column":1}},"11":{"start":{"line":24,"column":2},"end":{"line":24,"column":66}},"12":{"start":{"line":27,"column":27},"end":{"line":29,"column":1}},"13":{"start":{"line":28,"column":2},"end":{"line":28,"column":65}},"14":{"start":{"line":31,"column":24},"end":{"line":31,"column":90}},"15":{"start":{"line":31,"column":35},"end":{"line":31,"column":90}}},"fnMap":{"0":{"name":"(anonymous_0)","decl":{"start":{"line":3,"column":22},"end":{"line":3,"column":23}},"loc":{"start":{"line":3,"column":65},"end":{"line":9,"column":1}},"line":3},"1":{"name":"(anonymous_1)","decl":{"start":{"line":11,"column":27},"end":{"line":11,"column":28}},"loc":{"start":{"line":12,"column":2},"end":{"line":12,"column":64}},"line":12},"2":{"name":"(anonymous_2)","decl":{"start":{"line":15,"column":21},"end":{"line":15,"column":22}},"loc":{"start":{"line":16,"column":2},"end":{"line":16,"column":58}},"line":16},"3":{"name":"(anonymous_3)","decl":{"start":{"line":19,"column":21},"end":{"line":19,"column":22}},"loc":{"start":{"line":20,"column":2},"end":{"line":20,"column":58}},"line":20},"4":{"name":"(anonymous_4)","decl":{"start":{"line":23,"column":25},"end":{"line":23,"column":26}},"loc":{"start":{"line":24,"column":2},"end":{"line":24,"column":66}},"line":24},"5":{"name":"(anonymous_5)","decl":{"start":{"line":27,"column":27},"end":{"line":27,"column":28}},"loc":{"start":{"line":28,"column":2},"end":{"line":28,"column":65}},"line":28},"6":{"name":"(anonymous_6)","decl":{"start":{"line":31,"column":24},"end":{"line":31,"column":25}},"loc":{"start":{"line":31,"column":35},"end":{"line":31,"column":90}},"line":31}},"branchMap":{"0":{"loc":{"start":{"line":4,"column":2},"end":{"line":8,"column":3}},"type":"if","locations":[{"start":{"line":4,"column":2},"end":{"line":8,"column":3}},{"start":{"line":4,"column":2},"end":{"line":8,"column":3}}],"line":4},"1":{"loc":{"start":{"line":7,"column":11},"end":{"line":7,"column":59}},"type":"cond-expr","locations":[{"start":{"line":7,"column":26},"end":{"line":7,"column":54}},{"start":{"line":7,"column":57},"end":{"line":7,"column":59}}],"line":7}},"s":{"0":6,"1":45,"2":16,"3":29,"4":6,"5":2,"6":6,"7":0,"8":6,"9":19,"10":6,"11":8,"12":6,"13":13,"14":6,"15":1},"f":{"0":45,"1":2,"2":0,"3":19,"4":8,"5":13,"6":1},"b":{"0":[16,29],"1":[5,24]},"_coverageSchema":"332fd63041d2c1bcb487cc26dd0d5f7d97098a6c","hash":"29652380921b610a0b4b46b3548ca8198aedb2a6"}
}
