TN:
SF:/Users/briancleveland/work/yorthehunter/weave-react/src/components/Badge/index.jsx
FN:16,(anonymous_0)
FN:50,(anonymous_1)
FN:56,(anonymous_2)
FNF:3
FNH:3
FNDA:2,(anonymous_0)
FNDA:2,(anonymous_1)
FNDA:2,(anonymous_2)
DA:8,1
DA:16,1
DA:21,2
DA:23,2
DA:28,2
DA:35,1
DA:42,1
DA:51,2
DA:52,1
DA:57,2
DA:58,1
DA:63,1
DA:64,1
LF:13
LH:13
BRDA:30,0,0,2
BRDA:30,0,1,1
BRDA:51,1,0,1
BRDA:51,1,1,1
BRDA:51,2,0,2
BRDA:51,2,1,1
BRDA:57,3,0,1
BRDA:57,3,1,1
BRDA:57,4,0,2
BRDA:57,4,1,1
BRF:10
BRH:10
end_of_record
TN:
SF:/Users/briancleveland/work/yorthehunter/weave-react/src/components/Banner/index.jsx
FN:16,(anonymous_0)
FN:26,(anonymous_1)
FN:31,(anonymous_2)
FNF:3
FNH:3
FNDA:5,(anonymous_0)
FNDA:1,(anonymous_1)
FNDA:11,(anonymous_2)
DA:8,1
DA:17,5
DA:19,5
DA:23,5
DA:27,1
DA:28,1
DA:41,11
DA:43,11
DA:51,11
DA:52,9
DA:80,2
DA:84,1
DA:97,1
DA:124,1
DA:125,1
LF:15
LH:15
BRDA:20,0,0,5
BRDA:20,0,1,4
BRDA:47,1,0,11
BRDA:47,1,1,0
BRDA:48,2,0,11
BRDA:48,2,1,0
BRDA:51,3,0,9
BRDA:51,3,1,2
BRDA:58,4,0,0
BRDA:58,4,1,9
BRDA:65,5,0,9
BRDA:65,5,1,8
BRDA:69,6,0,9
BRDA:69,6,1,9
BRF:14
BRH:11
end_of_record
TN:
SF:/Users/briancleveland/work/yorthehunter/weave-react/src/components/Button/index.jsx
FN:13,(anonymous_0)
FNF:1
FNH:1
FNDA:15,(anonymous_0)
DA:6,1
DA:13,1
DA:23,15
DA:25,15
DA:33,15
DA:47,1
DA:76,1
DA:87,1
DA:88,1
LF:9
LH:9
BRDA:27,0,0,15
BRDA:27,0,1,3
BRDA:28,1,0,15
BRDA:28,1,1,4
BRDA:29,2,0,15
BRDA:29,2,1,0
BRDA:30,3,0,15
BRDA:30,3,1,10
BRDA:36,4,0,1
BRDA:36,4,1,14
BRDA:37,5,0,1
BRDA:37,5,1,14
BRDA:38,6,0,1
BRDA:38,6,1,14
BRDA:42,7,0,1
BRDA:42,7,1,14
BRF:16
BRH:15
end_of_record
TN:
SF:/Users/briancleveland/work/yorthehunter/weave-react/src/components/Card/index.jsx
FN:13,(anonymous_0)
FNF:1
FNH:1
FNDA:2,(anonymous_0)
DA:7,1
DA:13,1
DA:18,2
DA:20,2
DA:26,2
DA:33,1
DA:40,1
DA:47,1
DA:48,1
LF:9
LH:9
BRDA:23,0,0,1
BRDA:23,0,1,1
BRF:2
BRH:2
end_of_record
TN:
SF:/Users/briancleveland/work/yorthehunter/weave-react/src/components/Collection/CollectionItem.jsx
FN:14,(anonymous_0)
FNF:1
FNH:1
FNDA:3,(anonymous_0)
DA:6,1
DA:14,1
DA:20,3
DA:22,3
DA:28,3
DA:35,1
DA:42,1
DA:50,1
DA:51,1
LF:9
LH:9
BRDA:25,0,0,1
BRDA:25,0,1,2
BRF:2
BRH:2
end_of_record
TN:
SF:/Users/briancleveland/work/yorthehunter/weave-react/src/components/Collection/index.jsx
FN:15,(anonymous_0)
FN:30,(anonymous_1)
FNF:2
FNH:2
FNDA:1,(anonymous_0)
FNDA:4,(anonymous_1)
DA:8,1
DA:15,1
DA:21,1
DA:23,1
DA:30,1
DA:31,4
DA:33,3
DA:36,1
DA:39,1
DA:46,1
DA:53,1
DA:61,1
DA:62,1
LF:13
LH:13
BRDA:25,0,0,0
BRDA:25,0,1,1
BRDA:31,1,0,3
BRDA:31,1,1,1
BRF:4
BRH:3
end_of_record
TN:
SF:/Users/briancleveland/work/yorthehunter/weave-react/src/components/Dropdown/DropdownActivator.jsx
FN:7,(anonymous_0)
FNF:1
FNH:1
FNDA:5,(anonymous_0)
DA:5,1
DA:7,1
DA:9,5
DA:11,5
DA:23,1
DA:28,1
DA:34,1
DA:35,1
DA:36,1
LF:9
LH:9
BRF:0
BRH:0
end_of_record
TN:
SF:/Users/briancleveland/work/yorthehunter/weave-react/src/components/Dropdown/DropdownMenu.jsx
FN:7,(anonymous_0)
FN:11,(anonymous_1)
FN:31,(anonymous_2)
FNF:3
FNH:1
FNDA:0,(anonymous_0)
FNDA:5,(anonymous_1)
FNDA:0,(anonymous_2)
DA:5,1
DA:7,1
DA:8,0
DA:11,1
DA:17,5
DA:20,5
DA:22,5
DA:32,0
DA:43,1
DA:50,1
DA:58,1
DA:59,1
DA:60,1
DA:61,1
LF:14
LH:12
BRDA:22,0,0,2
BRDA:22,0,1,3
BRDA:27,1,0,1
BRDA:27,1,1,1
BRDA:30,2,0,0
BRDA:30,2,1,2
BRF:6
BRH:5
end_of_record
TN:
SF:/Users/briancleveland/work/yorthehunter/weave-react/src/components/Dropdown/index.jsx
FN:9,(anonymous_0)
FN:15,(anonymous_1)
FN:19,(anonymous_2)
FN:33,(anonymous_3)
FN:46,(anonymous_4)
FN:47,(anonymous_5)
FN:68,(anonymous_6)
FN:74,(anonymous_7)
FNF:8
FNH:7
FNDA:4,(anonymous_0)
FNDA:4,(anonymous_1)
FNDA:2,(anonymous_2)
FNDA:0,(anonymous_3)
FNDA:7,(anonymous_4)
FNDA:11,(anonymous_5)
FNDA:7,(anonymous_6)
FNDA:8,(anonymous_7)
DA:6,1
DA:10,4
DA:11,4
DA:12,4
DA:16,4
DA:20,2
DA:22,2
DA:23,1
DA:25,1
DA:28,2
DA:35,0
DA:36,0
DA:39,0
DA:43,0
DA:47,7
DA:48,11
DA:50,5
DA:58,6
DA:61,5
DA:64,1
DA:69,7
DA:71,7
DA:74,8
DA:84,1
DA:90,1
DA:96,1
DA:97,1
LF:27
LH:23
BRDA:22,0,0,1
BRDA:22,0,1,1
BRDA:35,1,0,0
BRDA:35,1,1,0
BRDA:48,2,0,5
BRDA:48,2,1,6
BRDA:48,3,0,11
BRDA:48,3,1,6
BRDA:58,4,0,5
BRDA:58,4,1,1
BRDA:58,5,0,6
BRDA:58,5,1,1
BRDA:76,6,0,2
BRDA:76,6,1,5
BRF:14
BRH:12
end_of_record
TN:
SF:/Users/briancleveland/work/yorthehunter/weave-react/src/components/Icon/index.jsx
FN:5,(anonymous_0)
FNF:1
FNH:1
FNDA:9,(anonymous_0)
DA:5,1
DA:11,9
DA:13,9
DA:15,9
DA:33,1
DA:39,1
DA:41,1
DA:50,1
DA:51,1
LF:9
LH:9
BRDA:13,0,0,9
BRDA:13,0,1,0
BRDA:16,1,0,9
BRDA:16,1,1,0
BRF:4
BRH:2
end_of_record
TN:
SF:/Users/briancleveland/work/yorthehunter/weave-react/src/components/Icon/paths.js
FNF:0
FNH:0
DA:1,1
DA:3,1
LF:2
LH:2
BRF:0
BRH:0
end_of_record
TN:
SF:/Users/briancleveland/work/yorthehunter/weave-react/src/components/ProgressBar/index.jsx
FN:16,(anonymous_0)
FNF:1
FNH:1
FNDA:2,(anonymous_0)
DA:7,1
DA:16,1
DA:19,2
DA:21,2
DA:25,2
DA:35,1
DA:40,1
DA:45,1
DA:46,1
LF:9
LH:9
BRDA:28,0,0,1
BRDA:28,0,1,1
BRDA:29,1,0,2
BRDA:29,1,1,1
BRF:4
BRH:4
end_of_record
TN:
SF:/Users/briancleveland/work/yorthehunter/weave-react/src/components/Table/index.jsx
FN:10,(anonymous_0)
FN:15,(anonymous_1)
FN:26,(anonymous_2)
FN:27,(anonymous_3)
FN:34,(anonymous_4)
FN:47,(anonymous_5)
FN:50,(anonymous_6)
FN:65,(anonymous_7)
FN:72,(anonymous_8)
FN:74,(anonymous_9)
FNF:10
FNH:9
FNDA:14,(anonymous_0)
FNDA:8,(anonymous_1)
FNDA:2,(anonymous_2)
FNDA:8,(anonymous_3)
FNDA:2,(anonymous_4)
FNDA:1,(anonymous_5)
FNDA:4,(anonymous_6)
FNDA:3,(anonymous_7)
FNDA:3,(anonymous_8)
FNDA:0,(anonymous_9)
DA:8,1
DA:10,1
DA:11,14
DA:13,14
DA:16,8
DA:26,1
DA:27,2
DA:28,8
DA:34,1
DA:35,2
DA:47,1
DA:48,1
DA:51,4
DA:65,1
DA:70,3
DA:72,3
DA:73,3
DA:74,0
DA:75,0
DA:76,3
DA:77,1
DA:79,2
DA:83,3
DA:88,3
DA:104,1
DA:109,1
DA:114,1
DA:117,1
DA:121,1
DA:122,1
DA:123,1
DA:124,1
LF:32
LH:30
BRDA:11,0,0,2
BRDA:11,0,1,12
BRDA:14,1,0,2
BRDA:14,1,1,12
BRDA:73,2,0,0
BRDA:73,2,1,3
BRDA:76,3,0,1
BRDA:76,3,1,2
BRDA:95,4,0,1
BRDA:95,4,1,2
BRF:10
BRH:9
end_of_record
TN:
SF:/Users/briancleveland/work/yorthehunter/weave-react/src/components/Tooltip/index.jsx
FN:16,(anonymous_0)
FNF:1
FNH:1
FNDA:4,(anonymous_0)
DA:8,1
DA:16,1
DA:21,4
DA:23,4
DA:29,4
DA:39,1
DA:46,1
DA:53,1
DA:54,1
LF:9
LH:9
BRDA:26,0,0,4
BRDA:26,0,1,1
BRF:2
BRH:2
end_of_record
TN:
SF:/Users/briancleveland/work/yorthehunter/weave-react/src/components/utilities/CustomTag.jsx
FN:5,(anonymous_0)
FNF:1
FNH:1
FNDA:48,(anonymous_0)
DA:5,8
DA:13,48
DA:15,48
DA:17,48
DA:22,48
DA:37,8
DA:57,8
DA:70,8
DA:71,8
LF:9
LH:9
BRF:0
BRH:0
end_of_record
TN:
SF:/Users/briancleveland/work/yorthehunter/weave-react/src/components/utilities/constants.js
FNF:0
FNH:0
DA:1,6
DA:8,6
DA:17,6
DA:28,6
DA:42,6
LF:5
LH:5
BRF:0
BRH:0
end_of_record
TN:
SF:/Users/briancleveland/work/yorthehunter/weave-react/src/components/utilities/util.js
FN:3,(anonymous_0)
FN:11,(anonymous_1)
FN:15,(anonymous_2)
FN:19,(anonymous_3)
FN:23,(anonymous_4)
FN:27,(anonymous_5)
FN:31,(anonymous_6)
FNF:7
FNH:6
FNDA:45,(anonymous_0)
FNDA:2,(anonymous_1)
FNDA:0,(anonymous_2)
FNDA:19,(anonymous_3)
FNDA:8,(anonymous_4)
FNDA:13,(anonymous_5)
FNDA:1,(anonymous_6)
DA:3,6
DA:4,45
DA:5,16
DA:7,29
DA:11,6
DA:12,2
DA:15,6
DA:16,0
DA:19,6
DA:20,19
DA:23,6
DA:24,8
DA:27,6
DA:28,13
DA:31,6
LF:15
LH:14
BRDA:4,0,0,16
BRDA:4,0,1,29
BRDA:7,1,0,5
BRDA:7,1,1,24
BRF:4
BRH:4
end_of_record
